0 info it worked if it ends with ok
1 verbose cli [ 'C:\\Program Files (x86)\\nodejs\\\\node.exe',
1 verbose cli   'C:\\Program Files (x86)\\nodejs\\node_modules\\npm\\bin\\npm-cli.js',
1 verbose cli   'install',
1 verbose cli   'requestls' ]
2 info using npm@1.3.11
3 info using node@v0.10.20
4 verbose node symlink C:\Program Files (x86)\nodejs\\node.exe
5 warn package.json reportDownload@ No repository field.
6 warn package.json reportDownload@ No README data
7 verbose readDependencies using package.json deps
8 verbose cache add [ 'requestls', null ]
9 verbose cache add name=undefined spec="requestls" args=["requestls",null]
10 verbose parsed url { protocol: null,
10 verbose parsed url   slashes: null,
10 verbose parsed url   auth: null,
10 verbose parsed url   host: null,
10 verbose parsed url   port: null,
10 verbose parsed url   hostname: null,
10 verbose parsed url   hash: null,
10 verbose parsed url   search: null,
10 verbose parsed url   query: null,
10 verbose parsed url   pathname: 'requestls',
10 verbose parsed url   path: 'requestls',
10 verbose parsed url   href: 'requestls' }
11 silly lockFile 5455a916-requestls requestls
12 verbose lock requestls C:\Users\altaylor\AppData\Roaming\npm-cache\5455a916-requestls.lock
13 silly lockFile 5455a916-requestls requestls
14 silly lockFile 5455a916-requestls requestls
15 verbose addNamed [ 'requestls', '' ]
16 verbose addNamed [ null, '*' ]
17 silly lockFile 59ce4f85-requestls requestls@
18 verbose lock requestls@ C:\Users\altaylor\AppData\Roaming\npm-cache\59ce4f85-requestls.lock
19 silly addNameRange { name: 'requestls', range: '*', hasData: false }
20 verbose url raw requestls
21 verbose url resolving [ 'https://registry.npmjs.org/', './requestls' ]
22 verbose url resolved https://registry.npmjs.org/requestls
23 info trying registry request attempt 1 at 09:44:45
24 http GET https://registry.npmjs.org/requestls
25 http 404 https://registry.npmjs.org/requestls
26 silly registry.get cb [ 404,
26 silly registry.get   { server: 'CouchDB/1.5.0 (Erlang OTP/R15B03)',
26 silly registry.get     date: 'Wed, 27 Nov 2013 17:44:52 GMT',
26 silly registry.get     'content-type': 'application/json',
26 silly registry.get     'content-length': '52',
26 silly registry.get     'cache-control': 'must-revalidate' } ]
27 silly lockFile 59ce4f85-requestls requestls@
28 silly lockFile 59ce4f85-requestls requestls@
29 error 404 'requestls' is not in the npm registry.
29 error 404 You should bug the author to publish it
29 error 404
29 error 404 Note that you can also install from a
29 error 404 tarball, folder, or http url, or git url.
30 error System Windows_NT 6.1.7601
31 error command "C:\\Program Files (x86)\\nodejs\\\\node.exe" "C:\\Program Files (x86)\\nodejs\\node_modules\\npm\\bin\\npm-cli.js" "install" "requestls"
32 error cwd C:\Users\altaylor\Documents\git\cybersource-reporting-tools
33 error node -v v0.10.20
34 error npm -v 1.3.11
35 error code E404
36 verbose exit [ 1, true ]
